<?xml version="1.0" encoding="UTF-8"?>
<!-- Generated by org.testng.reporters.JUnitXMLReporter -->
<testsuite hostname="Vinod-PC" ignored="0" name="Test" tests="2" failures="1" timestamp="16 Apr 2020 02:54:42 GMT" time="17.12" errors="0">
  <testcase name="login" time="4.586" classname="com.tests.TC_LoginTest_001">
    <failure type="java.lang.AssertionError" message="expected [true] but found [false]">
      <![CDATA[java.lang.AssertionError: expected [true] but found [false]
at com.tests.TC_LoginTest_001.login(TC_LoginTest_001.java:31)
... Removed 32 stack frames]]>
    </failure>
  </testcase> <!-- login -->
  <testcase name="login1" time="0.0" classname="com.tests.TC_LoginTest_001"/>
</testsuite> <!-- Test -->
