<?xml version="1.0" encoding="UTF-8"?>
<testsuite name="TestSuite" time="4.592" tests="2" errors="0" skipped="0" failures="1">
  <properties>
[...]
</properties>
  <testcase name="login" classname="com.tests.TC_LoginTest_001" time="4.592">
    <failure message="expected [true] but found [false]" type="java.lang.AssertionError">java.lang.AssertionError: expected [true] but found [false]
	at org.testng.Assert.fail(Assert.java:96)
	at org.testng.Assert.failNotEquals(Assert.java:776)
	at org.testng.Assert.assertTrue(Assert.java:44)
	at org.testng.Assert.assertTrue(Assert.java:54)
	at com.tests.TC_LoginTest_001.login(TC_LoginTest_001.java:31)
</failure>
    <system-out><![CDATA[projectPath:C:\Users\Vinod\workspace\OrangeHrm
[INFO ] 2020-04-16 08:24:26.543 [main] TC_LoginTest_001 - projectPath:C:\Users\Vinod\workspace\OrangeHrm
[INFO ] 2020-04-16 08:24:26.548 [main] TC_LoginTest_001 - Able to access Property file
browser:chrome
[INFO ] 2020-04-16 08:24:32.992 [main] TC_LoginTest_001 - Driver Object Created
[INFO ] 2020-04-16 08:24:36.107 [main] TC_LoginTest_001 - Accessing url
[INFO ] 2020-04-16 08:24:36.117 [main] TC_LoginTest_001 - Setting implisit wait
[INFO ] 2020-04-16 08:24:38.286 [main] TC_LoginTest_001 - Maximizing browser
[INFO ] 2020-04-16 08:24:38.560 [main] Login - Entering UserName
[INFO ] 2020-04-16 08:24:38.709 [main] Login - Entering Password
[INFO ] 2020-04-16 08:24:40.560 [main] Login - Clicked on Submit button
[INFO ] 2020-04-16 08:24:40.571 [main] TC_LoginTest_001 - test case failed....
Screenshot taken
]]></system-out>
    <system-err><![CDATA[SLF4J: Failed to load class "org.slf4j.impl.StaticLoggerBinder".
SLF4J: Defaulting to no-operation (NOP) logger implementation
SLF4J: See http://www.slf4j.org/codes.html#StaticLoggerBinder for further details.
Starting ChromeDriver 81.0.4044.69 (6813546031a4bc83f717a2ef7cd4ac6ec1199132-refs/branch-heads/4044@{#776}) on port 29645
Only local connections are allowed.
Please protect ports used by ChromeDriver and related test frameworks to prevent access by malicious code.
Apr 16, 2020 8:24:32 AM org.openqa.selenium.remote.ProtocolHandshake createSession
INFO: Detected dialect: W3C
[1587005674.211][SEVERE]: Timed out receiving message from renderer: 0.100
[1587005674.313][SEVERE]: Timed out receiving message from renderer: 0.100
[1587005674.415][SEVERE]: Timed out receiving message from renderer: 0.100
[1587005674.519][SEVERE]: Timed out receiving message from renderer: 0.100
[1587005674.623][SEVERE]: Timed out receiving message from renderer: 0.100
[1587005674.727][SEVERE]: Timed out receiving message from renderer: 0.100
[1587005674.829][SEVERE]: Timed out receiving message from renderer: 0.100
[1587005674.930][SEVERE]: Timed out receiving message from renderer: 0.100
[1587005675.035][SEVERE]: Timed out receiving message from renderer: 0.100
[1587005675.137][SEVERE]: Timed out receiving message from renderer: 0.100
[1587005675.239][SEVERE]: Timed out receiving message from renderer: 0.100
[1587005675.343][SEVERE]: Timed out receiving message from renderer: 0.100
[1587005675.603][SEVERE]: Timed out receiving message from renderer: 0.100
[1587005675.705][SEVERE]: Timed out receiving message from renderer: 0.100
[1587005675.807][SEVERE]: Timed out receiving message from renderer: 0.100
[1587005675.909][SEVERE]: Timed out receiving message from renderer: 0.100
[1587005676.011][SEVERE]: Timed out receiving message from renderer: 0.100
[1587005680.147][SEVERE]: Timed out receiving message from renderer: 0.100
[1587005680.249][SEVERE]: Timed out receiving message from renderer: 0.100
[1587005680.440][SEVERE]: Timed out receiving message from renderer: 0.100
[1587005680.543][SEVERE]: Timed out receiving message from renderer: 0.100
]]></system-err>
  </testcase>
  <testcase name="login1" classname="com.tests.TC_LoginTest_001" time="0"/>
</testsuite>