<?xml version="1.0" encoding="UTF-8"?>
<testng-results skipped="0" failed="0" ignored="0" total="1" passed="1">
  <reporter-output>
  </reporter-output>
  <suite name="Suite" duration-ms="14173" started-at="2020-04-16T02:21:08Z" finished-at="2020-04-16T02:21:23Z">
    <groups>
    </groups>
    <test name="Test" duration-ms="14173" started-at="2020-04-16T02:21:08Z" finished-at="2020-04-16T02:21:23Z">
      <class name="com.tests.TC_LoginTest_001">
        <test-method status="PASS" signature="init()[pri:0, instance:com.tests.TC_LoginTest_001@1794d431]" name="init" is-config="true" duration-ms="11641" started-at="2020-04-16T02:21:09Z" finished-at="2020-04-16T02:21:20Z">
          <reporter-output>
          </reporter-output>
        </test-method> <!-- init -->
        <test-method status="PASS" signature="login()[pri:0, instance:com.tests.TC_LoginTest_001@1794d431]" name="login" duration-ms="2023" started-at="2020-04-16T02:21:20Z" finished-at="2020-04-16T02:21:23Z">
          <reporter-output>
          </reporter-output>
        </test-method> <!-- login -->
      </class> <!-- com.tests.TC_LoginTest_001 -->
    </test> <!-- Test -->
  </suite> <!-- Suite -->
</testng-results>
